<?xml version="1.0" encoding="UTF-8"?>
<!-- Generated by org.testng.reporters.JUnitReportReporter -->
<testsuite skipped="0" hostname="ajha-inl" name="com.practice.resrassured.GetAPITestCase4" tests="1" failures="0" timestamp="13 Jun 2021 07:34:00 GMT" time="1.612" errors="0">
  <testcase name="callGetAPITest" time="1.612" classname="com.practice.resrassured.GetAPITestCase4"/>
</testsuite> <!-- com.practice.resrassured.GetAPITestCase4 -->
