<?xml version="1.0" encoding="UTF-8"?>
<!-- Generated by org.testng.reporters.JUnitReportReporter -->
<testsuite skipped="0" hostname="ajha-inl" name="com.practice.resrassured.TestPatchAPICall" tests="1" failures="0" timestamp="16 Jun 2021 18:04:49 GMT" time="1.816" errors="0">
  <testcase name="testPatchCall" time="1.816" classname="com.practice.resrassured.TestPatchAPICall"/>
</testsuite> <!-- com.practice.resrassured.TestPatchAPICall -->
