<?xml version="1.0" encoding="UTF-8"?>
<!-- Generated by org.testng.reporters.JUnitReportReporter -->
<testsuite skipped="0" hostname="ajha-inl" name="com.practice.resrassured.PostAPICallRegisterSuccess" tests="1" failures="0" timestamp="16 Jun 2021 15:11:32 GMT" time="2.998" errors="0">
  <testcase name="postCallImplementation" time="2.998" classname="com.practice.resrassured.PostAPICallRegisterSuccess"/>
</testsuite> <!-- com.practice.resrassured.PostAPICallRegisterSuccess -->
