<?xml version="1.0" encoding="UTF-8"?>
<!-- Generated by org.testng.reporters.JUnitReportReporter -->
<testsuite skipped="0" hostname="ajha-inl" name="com.practice.resrassured.TestDeleteAPICall" tests="1" failures="0" timestamp="16 Jun 2021 17:42:23 GMT" time="1.838" errors="0">
  <testcase name="testDeleteCall" time="1.838" classname="com.practice.resrassured.TestDeleteAPICall"/>
</testsuite> <!-- com.practice.resrassured.TestDeleteAPICall -->
