<?xml version="1.0" encoding="UTF-8"?>
<!-- Generated by org.testng.reporters.JUnitReportReporter -->
<testsuite skipped="0" hostname="ajha-inl" name="com.practice.resrassured.PostAPICallUnsuccessfulRegistration" tests="1" failures="0" timestamp="16 Jun 2021 16:24:55 GMT" time="2.000" errors="0">
  <testcase name="testPostAPICallRegistrationFailure" time="2.000" classname="com.practice.resrassured.PostAPICallUnsuccessfulRegistration"/>
</testsuite> <!-- com.practice.resrassured.PostAPICallUnsuccessfulRegistration -->
