<?xml version="1.0" encoding="UTF-8"?>
<!-- Generated by org.testng.reporters.JUnitReportReporter -->
<testsuite skipped="0" hostname="ajha-inl" name="com.practice.resrassured.PostAPITestCase" tests="1" failures="0" timestamp="13 Jun 2021 16:33:54 GMT" time="2.085" errors="0">
  <testcase name="postCallImplementation" time="2.085" classname="com.practice.resrassured.PostAPITestCase"/>
</testsuite> <!-- com.practice.resrassured.PostAPITestCase -->
