<?xml version="1.0" encoding="UTF-8"?>
<!-- Generated by org.testng.reporters.JUnitReportReporter -->
<testsuite skipped="0" hostname="ajha-inl" name="com.practice.resrassured.GetAPITest" tests="1" failures="0" timestamp="11 Jun 2021 14:13:08 GMT" time="1.877" errors="0">
  <testcase name="callAPITest" time="1.877" classname="com.practice.resrassured.GetAPITest"/>
</testsuite> <!-- com.practice.resrassured.GetAPITest -->
