<?xml version="1.0" encoding="UTF-8"?>
<!-- Generated by org.testng.reporters.JUnitReportReporter -->
<testsuite skipped="0" hostname="ajha-inl" name="com.practice.resrassured.GetAPITestCase" tests="1" failures="0" timestamp="11 Jun 2021 14:21:51 GMT" time="1.283" errors="0">
  <testcase name="callGetAPITest" time="1.283" classname="com.practice.resrassured.GetAPITestCase"/>
</testsuite> <!-- com.practice.resrassured.GetAPITestCase -->
