<?xml version="1.0" encoding="UTF-8"?>
<!-- Generated by org.testng.reporters.JUnitReportReporter -->
<testsuite skipped="0" hostname="ajha-inl" name="com.practice.resrassured.UpdateUsingPutAPICall" tests="1" failures="0" timestamp="16 Jun 2021 17:25:59 GMT" time="1.850" errors="0">
  <testcase name="testPutCall" time="1.850" classname="com.practice.resrassured.UpdateUsingPutAPICall"/>
</testsuite> <!-- com.practice.resrassured.UpdateUsingPutAPICall -->
